kteskera[]Rad s bazom[]INSERT INTO kategorija(naziv_kategorije) values ('')[]14.06.2020 13:33:50[]
kteskera[]Rad s bazom[]INSERT INTO kategorija(naziv_kategorije) values ('')[]14.06.2020 13:34:44[]
kteskera[]Rad s bazom[]INSERT INTO kategorija(naziv_kategorije) values ('')[]14.06.2020 13:34:52[]
kteskera[]Rad s bazom[]delete from kategorija where id_kategorija=24[]14.06.2020 13:35:03[]
kteskera[]Rad s bazom[]delete from kategorija where id_kategorija=22[]14.06.2020 13:35:07[]
kteskera[]Rad s bazom[]delete from kategorija where id_kategorija=23[]14.06.2020 13:35:12[]
kteskera[]Rad s bazom[]delete from kategorija where id_kategorija=21[]14.06.2020 13:35:16[]
kteskera[]Rad s bazom[]INSERT INTO kategorija(naziv_kategorije) values ('')[]14.06.2020 13:39:24[]
kteskera[]Rad s bazom[]delete from kategorija where id_kategorija=25[]14.06.2020 13:39:30[]
kteskera[]Rad s bazom[]INSERT INTO kategorija(naziv_kategorije) values ('')[]14.06.2020 13:45:55[]
kteskera[]Rad s bazom[]INSERT INTO kategorija(naziv_kategorije) values ('')[]14.06.2020 13:46:01[]
kteskera[]Rad s bazom[]delete from kategorija where id_kategorija=27[]14.06.2020 13:46:07[]
kteskera[]Rad s bazom[]delete from kategorija where id_kategorija=26[]14.06.2020 13:46:13[]
kteskera[]Rad s bazom[]INSERT INTO kategorija(naziv_kategorije) values ('Proba')[]14.06.2020 13:47:10[]
kteskera[]Rad s bazom[]INSERT INTO kategorija(naziv_kategorije) values ('')[]14.06.2020 13:47:40[]
kteskera[]Rad s bazom[]INSERT INTO kategorija(naziv_kategorije) values ('')[]14.06.2020 13:47:48[]
kteskera[]Rad s bazom[]INSERT INTO kategorija(naziv_kategorije) values ('')[]14.06.2020 13:47:54[]
kteskera[]Rad s bazom[]delete from kategorija where id_kategorija=31[]14.06.2020 13:51:56[]
kteskera[]Rad s bazom[]delete from kategorija where id_kategorija=30[]14.06.2020 13:51:59[]
kteskera[]Rad s bazom[]delete from kategorija where id_kategorija=29[]14.06.2020 13:52:02[]
kteskera[]Rad s bazom[]INSERT INTO kategorija(naziv_kategorije) values ('Proba')[]14.06.2020 13:53:44[]
kteskera[]Rad s bazom[]delete from kategorija where id_kategorija=28[]14.06.2020 13:53:53[]
kteskera[]Rad s bazom[]delete from kategorija where id_kategorija=32[]14.06.2020 13:53:56[]
kteskera[]Rad s bazom[]INSERT INTO kategorija(naziv_kategorije) values ('Proba')[]14.06.2020 13:54:33[]
kteskera[]Rad s bazom[]delete from kategorija where id_kategorija=33[]14.06.2020 13:54:40[]
kteskera[]Rad s bazom[]INSERT INTO `odabir_kompetencije`(`id_korisnik`, `id_kompetencije`, `datum_odabira`) VALUES ('1','1','2020-06-14 13:56:18')[]14.06.2020 13:56:18[]
kteskera[]Rad s bazom[]INSERT INTO kompetencije(naziv) values ('proba')[]14.06.2020 13:58:42[]
kteskera[]Prijava[][]14.06.2020 15:43:17[]
kteskera[]Rad s bazom[]UPDATE `projekt` SET `naziv_projekta`='Pomoć stradalima u potresu',`akronim`='PSEQ2020',`datum_pocetka`='2020-04-01T10:00',`datum_zavrsetka`='2020-06-14T00:00',`opis_zahtjeva`='Strašni potres pogodio je Zagreb i okolicu. Mnogi su ostali bez svojih kuća. Potrebno je skupljati donacije kako bi se pomoglo ljudima kojima je kuca nastradala te trebaju financijsku pomoć. Nakon minimalnog sakupljenog iznosa potrebno je postaviti video gdje se pokazuje gdje se ta sredstva doniraju. Važno je prikazati stanje kuća.',`min_iznos_donacija`='1000000' WHERE id_projekt=2[]14.06.2020 15:52:51[]
kteskera[]Prijava[][]14.06.2020 16:47:16[]
Neregistrirani[]Ostale radnje[][]14.06.2020 16:48:48[]Neuspješna prijava 1
kteskera[]Prijava[][]14.06.2020 16:49:00[]
kteskera[]Prijava[][]14.06.2020 16:58:55[]
kteskera[]Prijava[][]14.06.2020 17:09:08[]
kteskera[]Prijava[][]14.06.2020 17:13:33[]
kteskera[]Prijava[][]14.06.2020 17:54:39[]
kteskera[]Prijava[][]15.06.2020 12:24:09[]
kteskera[]Rad s bazom[]INSERT INTO kategorija(naziv_kategorije) values ('Proba')[]15.06.2020 14:12:01[]
kteskera[]Rad s bazom[]insert into odabir_moderatora values(2,11)[]15.06.2020 14:12:07[]
kteskera[]Rad s bazom[]insert into odabir_moderatora values(3,11)[]15.06.2020 14:12:11[]
kteskera[]Rad s bazom[]delete from kategorija where id_kategorija=11[]15.06.2020 14:12:17[]
kteskera[]Rad s bazom[]INSERT INTO `projekt`( `id_kategorija`, `naziv_projekta`, `akronim`, `datum_pocetka`, `datum_zavrsetka`, `opis_zahtjeva`, `min_iznos_donacija`) VALUES ('11','sddfsdfsdf','sdfsdfsdf','2020-06-01T14:12','2020-07-01T14:12','sdfsdfsdfsdf','5000')[]15.06.2020 14:12:53[]
kteskera[]Rad s bazom[]UPDATE `projekt` SET `naziv_projekta`='sddfsdf',`akronim`='sdfsdfsdf',`datum_pocetka`='2020-06-01T14:12',`datum_zavrsetka`='2020-07-01T14:12',`opis_zahtjeva`='sdfsdfsdfsdf',`min_iznos_donacija`='5000' WHERE id_projekt=11[]15.06.2020 14:13:07[]
kteskera[]Rad s bazom[]INSERT INTO `zadatak`( `id_projekt`, `id_korisnik`, `opis`, `datum_pocetka`) VALUES ('2','6','šrpba','2020-06-23T14:13')[]15.06.2020 14:13:54[]
kteskera[]Rad s bazom[]INSERT INTO zahtjev_za_sudjelovanje(id_projekt,id_korisnik,opis,datum_zahtjeva) VALUES('11','6','hgfhgfhg','2020-06-15 14:16:38')[]15.06.2020 14:16:38[]
kteskera[]Rad s bazom[]INSERT INTO `odabir_kompetencije`(`id_korisnik`, `id_kompetencije`, `datum_odabira`) VALUES ('1','1','2020-06-15 14:16:56')[]15.06.2020 14:16:56[]
kteskera[]Rad s bazom[]INSERT INTO kompetencije(naziv) values ('proba')[]15.06.2020 14:17:06[]
kteskera[]Odjava[][]15.06.2020 14:19:43[]
pperic[]Prijava[][]15.06.2020 14:19:51[]
pperic[]Odjava[][]15.06.2020 14:21:45[]
aanic[]Prijava[][]15.06.2020 14:21:52[]
aanic[]Rad s bazom[]INSERT INTO `odabir_kompetencije`(`id_korisnik`, `id_kompetencije`, `datum_odabira`) VALUES ('4','4','2020-06-15 14:22:01')[]15.06.2020 14:22:01[]
aanic[]Odjava[][]15.06.2020 14:22:06[]
kteskera[]Prijava[][]15.06.2020 14:22:14[]
kteskera[]Odjava[][]15.06.2020 14:22:38[]
kteskera[]Prijava[][]15.06.2020 18:56:42[]
kteskera[]Rad s bazom[]delete from odabir_moderatora where id_korisnik=2 AND id_kategorija=11[]15.06.2020 18:57:10[]
kteskera[]Rad s bazom[]delete from odabir_moderatora where id_korisnik=3 AND id_kategorija=11[]15.06.2020 18:57:12[]
kteskera[]Rad s bazom[]delete from kategorija where id_kategorija=11[]15.06.2020 18:57:17[]
kteskera[]Rad s bazom[]delete from kategorija where id_kategorija=11[]15.06.2020 18:57:22[]
kteskera[]Rad s bazom[]delete from kategorija where id_kategorija=11[]15.06.2020 18:57:28[]
kteskera[]Rad s bazom[]delete from odabir_moderatora where id_korisnik= AND id_kategorija=11[]15.06.2020 18:57:32[]
kteskera[]Rad s bazom[]delete from kategorija where id_kategorija=11[]15.06.2020 18:57:34[]
kteskera[]Rad s bazom[]delete from projekt where id_projekt=11[]15.06.2020 18:57:59[]
kteskera[]Rad s bazom[]delete from projekt where id_projekt=11[]15.06.2020 18:58:11[]
kteskera[]Rad s bazom[]delete from projekt where id_projekt=11[]15.06.2020 18:59:09[]
kteskera[]Rad s bazom[]delete from projekt where id_projekt=11[]15.06.2020 19:01:01[]
kteskera[]Rad s bazom[]delete from kategorija where id_kategorija=11[]15.06.2020 19:01:10[]
kteskera[]Odjava[][]15.06.2020 19:06:19[]
aanic[]Prijava[][]15.06.2020 19:06:26[]
aanic[]Odjava[][]15.06.2020 19:06:35[]
kteskera[]Prijava[][]15.06.2020 19:07:25[]
kteskera[]Prijava[][]15.06.2020 22:34:50[]
kteskera[]Rad s bazom[]delete from zadatak where id_zadatak=21[]15.06.2020 22:42:35[]
kteskera[]Rad s bazom[]update `video` set naziv_videa='Snimke sa kamera',vidljivost='1' where id_zadatak='13'[]15.06.2020 22:44:23[]
kteskera[]Rad s bazom[]update `video` set naziv_videa='Snimke sa kamera',vidljivost='1' where id_zadatak='13'[]15.06.2020 22:46:05[]
kteskera[]Rad s bazom[]delete from zadatak where id_zadatak=13[]15.06.2020 22:47:42[]
kteskera[]Rad s bazom[]delete from zadatak where id_zadatak=13[]15.06.2020 22:47:54[]
kteskera[]Rad s bazom[]delete from zadatak where id_zadatak=13[]15.06.2020 22:49:26[]
kteskera[]Rad s bazom[]INSERT INTO `zadatak`( `id_projekt`, `id_korisnik`, `opis`, `datum_pocetka`) VALUES ('2','6','Snimiti video o urušenim kucama na podrucju Cucerje.','2020-05-03T22:49')[]15.06.2020 22:49:58[]
kteskera[]Rad s bazom[]INSERT INTO `video`( `id_zadatak`, `naziv_videa`, `lokacija`, `vidljivost`) VALUES ('22','Snimke nadzornih kamera','uploads/snimke2.mp4','1')[]15.06.2020 22:53:00[]
kteskera[]Rad s bazom[]INSERT INTO `zadatak`( `id_projekt`, `id_korisnik`, `opis`, `datum_pocetka`) VALUES ('3','8','Stanje respiratora u Hrvatskoj.','2020-06-09T22:57')[]15.06.2020 22:57:07[]
kteskera[]Rad s bazom[]UPDATE `zadatak` SET `opis`='Dezinfekcija respiratora- održavanje.',`datum_pocetka`='2020-06-09T22:57' WHERE id_zadatak=23[]15.06.2020 23:01:02[]
kteskera[]Rad s bazom[]INSERT INTO `video`( `id_zadatak`, `naziv_videa`, `lokacija`, `vidljivost`) VALUES ('23','Postupak dezinfekcije','uploads/respirator.mp4','1')[]15.06.2020 23:02:17[]
kteskera[]Rad s bazom[]INSERT INTO zahtjev_za_sudjelovanje(id_projekt,id_korisnik,opis,datum_zahtjeva) VALUES('8','7','Pozivamo vas na sudjelovanje.','2020-06-15 23:04:48')[]15.06.2020 23:04:48[]
kteskera[]Rad s bazom[]UPDATE zahtjev_za_sudjelovanje SET potvrda='1' WHERE id_zahtjev_za_sujedjelovanje=12[]15.06.2020 23:04:55[]
kteskera[]Rad s bazom[]INSERT INTO `zadatak`( `id_projekt`, `id_korisnik`, `opis`, `datum_pocetka`) VALUES ('8','7','Informacije o inkubatorima.','2020-06-01T23:05')[]15.06.2020 23:05:56[]
kteskera[]Rad s bazom[]INSERT INTO `video`( `id_zadatak`, `naziv_videa`, `lokacija`, `vidljivost`) VALUES ('24','Inkubator','uploads/innk.mp4','1')[]15.06.2020 23:11:46[]
kteskera[]Rad s bazom[]delete from zadatak where id_zadatak=22[]15.06.2020 23:24:41[]
kteskera[]Rad s bazom[]UPDATE `zadatak` SET `opis`='Snimke nazdorznih kamera u Zagrebu.',`datum_pocetka`='2020-04-20T00:00' WHERE id_zadatak=14[]15.06.2020 23:26:33[]
kteskera[]Rad s bazom[]delete from zadatak where id_zadatak=22[]15.06.2020 23:26:41[]
kteskera[]Rad s bazom[]delete from zadatak where id_zadatak=22[]15.06.2020 23:27:09[]
kteskera[]Rad s bazom[]delete from zadatak where id_zadatak=14[]15.06.2020 23:29:22[]
kteskera[]Rad s bazom[]INSERT INTO `zadatak`( `id_projekt`, `id_korisnik`, `opis`, `datum_pocetka`) VALUES ('2','7','Snimke nazdorznih kamera u Zagrebu.','2020-06-01T23:29')[]15.06.2020 23:29:35[]
kteskera[]Rad s bazom[]INSERT INTO `video`( `id_zadatak`, `naziv_videa`, `lokacija`, `vidljivost`) VALUES ('25','Potres snimljen u obiteljskom stanu.','uploads/stan.mp4','1')[]15.06.2020 23:33:09[]
kteskera[]Rad s bazom[]delete from zadatak where id_zadatak=12[]15.06.2020 23:36:10[]
kteskera[]Rad s bazom[]INSERT INTO `zadatak`( `id_projekt`, `id_korisnik`, `opis`, `datum_pocetka`) VALUES ('1','5','Preporučiti dobar online servis za dostavu hrane.','2020-06-01T23:36')[]15.06.2020 23:36:44[]
kteskera[]Rad s bazom[]INSERT INTO `video`( `id_zadatak`, `naziv_videa`, `lokacija`, `vidljivost`) VALUES ('26','eKupi Fino Dostava','uploads/ekupi.mp4','1')[]15.06.2020 23:37:47[]
kteskera[]Prijava[][]16.06.2020 11:55:45[]
kteskera[]Rad s bazom[]INSERT INTO donacija(id_projekt,id_korisnik,iznos,datum_donacije)  VALUES('2','1','','2020-06-16 11:59:00')[]16.06.2020 11:59:00[]
kteskera[]Prijava[][]16.06.2020 11:59:21[]
kteskera[]Rad s bazom[]INSERT INTO donacija(id_projekt,id_korisnik,iznos,datum_donacije)  VALUES('2','1','','2020-06-16 11:59:27')[]16.06.2020 11:59:27[]
kteskera[]Rad s bazom[]INSERT INTO donacija(id_projekt,id_korisnik,iznos,datum_donacije)   VALUES('2','1','','2020-06-16 12:02:07')[]16.06.2020 12:02:07[]
kteskera[]Rad s bazom[]INSERT INTO donacija(id_projekt,id_korisnik,iznos,datum_donacije)  VALUES('2','1','','2020-06-16 12:05:53')[]16.06.2020 12:05:53[]
kteskera[]Rad s bazom[]INSERT INTO donacija(id_projekt,id_korisnik,iznos,datum_donacije)  VALUES('2','1','','2020-06-16 12:05:55')[]16.06.2020 12:05:55[]
kteskera[]Prijava[][]16.06.2020 12:06:22[]
kteskera[]Rad s bazom[]INSERT INTO donacija(id_projekt,id_korisnik,iznos,datum_donacije)  VALUES('2','1','','2020-06-16 12:08:02')[]16.06.2020 12:08:02[]
kteskera[]Rad s bazom[]UPDATE `korisnik` SET `ime`='Karlo',`prezime`='Teskera',`korisnicko_ime`='kteskera',`email`='kteskera@foi.hr',`lozinka`='AdminStranice',`lozinka_sh1`='7d3cef2233564740ad31004103c903314cf82b10' ,`uvjeti`='2020-06-16 12:13:41' WHERE `id_korisnik`= '1'[]16.06.2020 12:13:41[]
kteskera[]Prijava[][]16.06.2020 12:19:26[]
kteskera[]Prijava[][]16.06.2020 12:20:13[]
kteskera[]Prijava[][]16.06.2020 12:29:44[]
kteskera[]Odjava[][]16.06.2020 12:30:12[]
Neregistrirani[]Ostale radnje[][]16.06.2020 12:38:40[]Neuspješna prijava 1
kteskera[]Prijava[][]16.06.2020 12:38:51[]
kteskera[]Prijava[][]16.06.2020 12:55:01[]
kteskera[]Prijava[][]16.06.2020 13:01:51[]
Neregistrirani[]Rad s bazom[]UPDATE  `korisnik` set aktivacijski_token=http://barka.foi.hr/WebDiP/2019_projekti/WebDiP2019x135/obrasci/aktiviraj.php?id=19 WHERE id_korisnik=19[]16.06.2020 21:29:13[]
Neregistrirani[]Ostale radnje[][]16.06.2020 21:33:31[]Neuspješna prijava 1
Neregistrirani[]Rad s bazom[]UPDATE  `korisnik` set aktivacijski_token=http://barka.foi.hr/WebDiP/2019_projekti/WebDiP2019x135/obrasci/aktiviraj.php?id=20 WHERE id_korisnik=20[]16.06.2020 21:34:56[]
Neregistrirani[]Ostale radnje[][]16.06.2020 21:38:18[]Neuspješna prijava 1
iivancic[]Prijava[][]16.06.2020 21:38:34[]
iivancic[]Rad s bazom[]INSERT INTO donacija(id_projekt,id_korisnik,iznos,datum_donacije) VALUES('2','20','500','2020-06-16 21:40:06')[]16.06.2020 21:40:06[]
kteskera[]Prijava[][]16.06.2020 22:38:51[]
kteskera[]Rad s bazom[]INSERT INTO donacija(id_projekt,id_korisnik,iznos,datum_donacije) VALUES('2','1','99842‬0','2020-06-16 22:40:20')[]16.06.2020 22:40:20[]
kteskera[]Prijava[][]16.06.2020 22:48:44[]
kteskera[]Prijava[][]16.06.2020 22:57:30[]
kteskera[]Prijava[][]16.06.2020 22:59:30[]
kteskera[]Prijava[][]16.06.2020 23:00:25[]
kteskera[]Prijava[][]16.06.2020 23:03:14[]
kteskera[]Prijava[][]16.06.2020 23:06:32[]
kteskera[]Prijava[][]16.06.2020 23:08:50[]
kteskera[]Prijava[][]16.06.2020 23:10:44[]
kteskera[]Prijava[][]16.06.2020 23:11:52[]
kteskera[]Rad s bazom[]UPDATE `projekt` SET `naziv_projekta`='Domovi za starije- sredstva',`akronim`='DZSS2020',`datum_pocetka`='2020-04-20T08:00',`datum_zavrsetka`='2020-06-23T00:00',`opis_zahtjeva`='U nekoliko domova fali medicinske opreme i odjece za starije osobe. Prikupljaju se sredstva kako bi olakšali svojim sugradanima. Potrebno je obici domove, dokumentirati novonastale situacije i pronaci rješenje za njih.',`min_iznos_donacija`='250000' WHERE id_projekt=5[]16.06.2020 23:15:06[]
kteskera[]Rad s bazom[]INSERT INTO donacija(id_projekt,id_korisnik,iznos,datum_donacije) VALUES('5','1','250000','2020-06-16 23:15:28')[]16.06.2020 23:15:28[]
kteskera[]Rad s bazom[]UPDATE `projekt` SET `naziv_projekta`='Pomoć starijima COVID-19',`akronim`='PSCOVID19',`datum_pocetka`='2020-04-04T11:00',`datum_zavrsetka`='2020-06-24T00:00',`opis_zahtjeva`='Prikupljaju se novcana sredstva kako bi se pomoglo starijim ljudima pri kupovini namirnica. Potrebno je kreirati nekoliko video isjecaka kako bi pokazali kako se lako može naruciti hrana online.',`min_iznos_donacija`='500000' WHERE id_projekt=1[]16.06.2020 23:16:19[]
kteskera[]Rad s bazom[]UPDATE `projekt` SET `naziv_projekta`='Pomoć starijima COVID-19',`akronim`='PSCOVID19',`datum_pocetka`='2020-04-04T11:00',`datum_zavrsetka`='2020-06-24T00:00',`opis_zahtjeva`='Prikupljaju se novcana sredstva kako bi se pomoglo starijim ljudima pri kupovini namirnica. Potrebno je kreirati nekoliko video isjecaka kako bi pokazali kako se lako može naruciti hrana online.',`min_iznos_donacija`='500000' WHERE id_projekt=1[]16.06.2020 23:16:19[]
kteskera[]Rad s bazom[]INSERT INTO donacija(id_projekt,id_korisnik,iznos,datum_donacije) VALUES('1','1','500000','2020-06-16 23:16:40')[]16.06.2020 23:16:40[]
kteskera[]Rad s bazom[]UPDATE `projekt` SET `naziv_projekta`='Respiratori za bolnice',`akronim`='RESKB2020',`datum_pocetka`='2020-04-04T07:00',`datum_zavrsetka`='2020-06-16T03:00',`opis_zahtjeva`='Zbog novonastale situacije zbog COVID_19 potrebno je skupljati donacije za respiratora. Očekuje se još bolesnika, no RH nema dovoljno respiratora stoga je svaka pomoc dobrodošla. Glavna žarišta su Grad Zagreb, Split, Rijeka i Pula. Nakon skupljenoga minimalnoga iznosa potrebno je postaviti nekoliko videa sa usporedbom respiratora kako bi se moglo utvrditi koji je najbolji s obzirom na raspoloživu cifru.',`min_iznos_donacija`='2000000' WHERE id_projekt=3[]16.06.2020 23:17:29[]
kteskera[]Rad s bazom[]UPDATE `projekt` SET `naziv_projekta`='Respiratori za bolnice',`akronim`='RESKB2020',`datum_pocetka`='2020-04-04T07:00',`datum_zavrsetka`='2020-06-17T03:00',`opis_zahtjeva`='Zbog novonastale situacije zbog COVID_19 potrebno je skupljati donacije za respiratora. Očekuje se još bolesnika, no RH nema dovoljno respiratora stoga je svaka pomoc dobrodošla. Glavna žarišta su Grad Zagreb, Split, Rijeka i Pula.Nakon skupljenoga minimalnoga iznosa potrebno je postaviti nekoliko videa sa usporedbom respiratora kako bi se moglo utvrditi koji je najbolji s obzirom na raspoloživu cifru.',`min_iznos_donacija`='2000000' WHERE id_projekt=3[]16.06.2020 23:17:58[]
kteskera[]Rad s bazom[]INSERT INTO donacija(id_projekt,id_korisnik,iznos,datum_donacije) VALUES('3','1','2000000	','2020-06-16 23:18:12')[]16.06.2020 23:18:12[]
kteskera[]Rad s bazom[]UPDATE `projekt` SET `naziv_projekta`='Prikupljanje sredstava za pse lutalice',`akronim`='PSPL2020',`datum_pocetka`='2020-04-16T07:00',`datum_zavrsetka`='2020-06-17T07:00',`opis_zahtjeva`='Psi lutalice veliki su problem za gradove. Zna se kako nemaju adekvatnu brigu, imaju zarazne bolesti i u opasnosti je grad zbog širenja bjesnoce. Potrebno je povecanje kapaciteta kako bi se moglo smjestiti još životinja. Nakon minimalnog iznosa potrebno je postaviti nekoliko video sadržaja koji informira o trenutacnom stanju.',`min_iznos_donacija`='50000' WHERE id_projekt=4[]16.06.2020 23:19:56[]
kteskera[]Rad s bazom[]INSERT INTO donacija(id_projekt,id_korisnik,iznos,datum_donacije) VALUES('4','1','50000','2020-06-16 23:20:09')[]16.06.2020 23:20:09[]
kteskera[]Rad s bazom[]UPDATE `projekt` SET `naziv_projekta`='Respiratori za bolnice',`akronim`='RESKB2020',`datum_pocetka`='2020-04-04T07:00',`datum_zavrsetka`='2020-06-17T03:00',`opis_zahtjeva`='Zbog novonastale situacije zbog COVID_19 potrebno je skupljati donacije za respiratora. Očekuje se još bolesnika, no RH nema dovoljno respiratora stoga je svaka pomoc dobrodošla. Glavna žarišta su Grad Zagreb, Split, Rijeka i Pula.Nakon skupljenoga minimalnoga iznosa potrebno je postaviti nekoliko videa sa usporedbom respiratora kako bi se moglo utvrditi koji je najbolji s obzirom na raspoloživu cifru.',`min_iznos_donacija`='2000000' WHERE id_projekt=3[]16.06.2020 23:24:00[]
kteskera[]Rad s bazom[]INSERT INTO donacija(id_projekt,id_korisnik,iznos,datum_donacije) VALUES('2','1','1000000','2020-06-16 23:29:10')[]16.06.2020 23:29:10[]
kteskera[]Rad s bazom[]INSERT INTO `projekt`( `id_kategorija`, `naziv_projekta`, `akronim`, `datum_pocetka`, `datum_zavrsetka`, `opis_zahtjeva`, `min_iznos_donacija`) VALUES ('1','Update','Update','2020-06-11T23:33','2020-06-30T23:33','Update','500')[]16.06.2020 23:33:32[]
kteskera[]Rad s bazom[]INSERT INTO `projekt`( `id_kategorija`, `naziv_projekta`, `akronim`, `datum_pocetka`, `datum_zavrsetka`, `opis_zahtjeva`, `min_iznos_donacija`) VALUES ('1','proba','proba','2020-06-02T23:47','2020-06-23T23:47','proba','1000')[]16.06.2020 23:47:27[]
